2012/09/06 13:43:48 [error] [exception.CException] exception 'CException' with message 'Alias "application.components.HttpRequest" is invalid. Make sure it points to an existing PHP file and the file is readable.' in D:\Archivos de Programas\xampp\htdocs\yii\framework\YiiBase.php:318
Stack trace:
#0 D:\Archivos de Programas\xampp\htdocs\yii\framework\YiiBase.php(198): YiiBase::import('application.com...', true)
#1 D:\Archivos de Programas\xampp\htdocs\yii\framework\base\CModule.php(387): YiiBase::createComponent(Array)
#2 D:\Archivos de Programas\xampp\htdocs\yii\framework\base\CApplication.php(494): CModule->getComponent('request')
#3 D:\Archivos de Programas\xampp\htdocs\yii\framework\web\CAssetManager.php(112): CApplication->getRequest()
#4 D:\Archivos de Programas\xampp\htdocs\yii\framework\web\CAssetManager.php(234): CAssetManager->getBasePath()
#5 D:\Archivos de Programas\xampp\htdocs\comar\protected\extensions\bootstrap\components\Bootstrap.php(328): CAssetManager->publish('D:\Archivos de ...', false, -1, true)
#6 D:\Archivos de Programas\xampp\htdocs\comar\protected\extensions\bootstrap\components\Bootstrap.php(103): Bootstrap->getAssetsUrl()
#7 D:\Archivos de Programas\xampp\htdocs\comar\protected\extensions\bootstrap\components\Bootstrap.php(84): Bootstrap->registerCoreCss()
#8 D:\Archivos de Programas\xampp\htdocs\yii\framework\base\CModule.php(388): Bootstrap->init()
#9 D:\Archivos de Programas\xampp\htdocs\yii\framework\base\CModule.php(493): CModule->getComponent('bootstrap')
#10 D:\Archivos de Programas\xampp\htdocs\yii\framework\base\CApplication.php(146): CModule->preloadComponents()
#11 D:\Archivos de Programas\xampp\htdocs\yii\framework\YiiBase.php(127): CApplication->__construct('D:\Archivos de ...')
#12 D:\Archivos de Programas\xampp\htdocs\yii\framework\YiiBase.php(100): YiiBase::createApplication('CWebApplication', 'D:\Archivos de ...')
#13 D:\Archivos de Programas\xampp\htdocs\comar\index.php(13): YiiBase::createWebApplication('D:\Archivos de ...')
#14 {main}
REQUEST_URI=/comar/index.php?r=gii/default/login
---
2012/09/06 13:44:30 [error] [exception.CException] exception 'CException' with message 'Alias "application.components.HttpRequest" is invalid. Make sure it points to an existing PHP file and the file is readable.' in D:\Archivos de Programas\xampp\htdocs\yii\framework\YiiBase.php:318
Stack trace:
#0 D:\Archivos de Programas\xampp\htdocs\yii\framework\YiiBase.php(198): YiiBase::import('application.com...', true)
#1 D:\Archivos de Programas\xampp\htdocs\yii\framework\base\CModule.php(387): YiiBase::createComponent(Array)
#2 D:\Archivos de Programas\xampp\htdocs\yii\framework\base\CApplication.php(494): CModule->getComponent('request')
#3 D:\Archivos de Programas\xampp\htdocs\yii\framework\web\CAssetManager.php(112): CApplication->getRequest()
#4 D:\Archivos de Programas\xampp\htdocs\yii\framework\web\CAssetManager.php(234): CAssetManager->getBasePath()
#5 D:\Archivos de Programas\xampp\htdocs\comar\protected\extensions\bootstrap\components\Bootstrap.php(328): CAssetManager->publish('D:\Archivos de ...', false, -1, true)
#6 D:\Archivos de Programas\xampp\htdocs\comar\protected\extensions\bootstrap\components\Bootstrap.php(103): Bootstrap->getAssetsUrl()
#7 D:\Archivos de Programas\xampp\htdocs\comar\protected\extensions\bootstrap\components\Bootstrap.php(84): Bootstrap->registerCoreCss()
#8 D:\Archivos de Programas\xampp\htdocs\yii\framework\base\CModule.php(388): Bootstrap->init()
#9 D:\Archivos de Programas\xampp\htdocs\yii\framework\base\CModule.php(493): CModule->getComponent('bootstrap')
#10 D:\Archivos de Programas\xampp\htdocs\yii\framework\base\CApplication.php(146): CModule->preloadComponents()
#11 D:\Archivos de Programas\xampp\htdocs\yii\framework\YiiBase.php(127): CApplication->__construct('D:\Archivos de ...')
#12 D:\Archivos de Programas\xampp\htdocs\yii\framework\YiiBase.php(100): YiiBase::createApplication('CWebApplication', 'D:\Archivos de ...')
#13 D:\Archivos de Programas\xampp\htdocs\comar\index.php(13): YiiBase::createWebApplication('D:\Archivos de ...')
#14 {main}
REQUEST_URI=/comar/index.php?r=gii/default/login
---
2012/09/06 13:45:03 [error] [system.db.CDbCommand] CDbCommand::fetchColumn() failed: SQLSTATE[42S02]: Base table or view not found: 1146 Table 'comar.yiisession' doesn't exist. The SQL statement executed was: SELECT `data`
FROM `yiisession`
WHERE expire>:expire AND id=:id.
in D:\Archivos de Programas\xampp\htdocs\comar\index.php (13)
2012/09/06 13:45:03 [error] [exception.CDbException] exception 'CDbException' with message 'CDbCommand falló al ejecutar la sentencia SQL: SQLSTATE[42S02]: Base table or view not found: 1146 Table 'comar.yiisession' doesn't exist. The SQL statement executed was: SELECT `data`
FROM `yiisession`
WHERE expire>:expire AND id=:id' in D:\Archivos de Programas\xampp\htdocs\yii\framework\db\CDbCommand.php:528
Stack trace:
#0 D:\Archivos de Programas\xampp\htdocs\yii\framework\db\CDbCommand.php(425): CDbCommand->queryInternal('fetchColumn', 0, Array)
#1 D:\Archivos de Programas\xampp\htdocs\yii\framework\web\CDbHttpSession.php(211): CDbCommand->queryScalar()
#2 [internal function]: CDbHttpSession->readSession('un5clqrdkerrfr9...')
#3 D:\Archivos de Programas\xampp\htdocs\yii\framework\web\CHttpSession.php(115): session_start()
#4 D:\Archivos de Programas\xampp\htdocs\yii\framework\web\CHttpSession.php(89): CHttpSession->open()
#5 D:\Archivos de Programas\xampp\htdocs\yii\framework\base\CModule.php(388): CHttpSession->init()
#6 D:\Archivos de Programas\xampp\htdocs\yii\framework\base\CModule.php(493): CModule->getComponent('session')
#7 D:\Archivos de Programas\xampp\htdocs\yii\framework\base\CApplication.php(146): CModule->preloadComponents()
#8 D:\Archivos de Programas\xampp\htdocs\yii\framework\YiiBase.php(127): CApplication->__construct('D:\Archivos de ...')
#9 D:\Archivos de Programas\xampp\htdocs\yii\framework\YiiBase.php(100): YiiBase::createApplication('CWebApplication', 'D:\Archivos de ...')
#10 D:\Archivos de Programas\xampp\htdocs\comar\index.php(13): YiiBase::createWebApplication('D:\Archivos de ...')
#11 {main}
REQUEST_URI=/comar/index.php?r=gii/default/login
---
2012/09/06 13:45:16 [error] [php] strpos() [<a href='function.strpos'>function.strpos</a>]: Empty delimiter (D:\Archivos de Programas\xampp\htdocs\comar\protected\components\HttpRequest.php:20)
Stack trace:
#0 D:\Archivos de Programas\xampp\htdocs\yii\framework\base\CModule.php(388): HttpRequest->init()
#1 D:\Archivos de Programas\xampp\htdocs\yii\framework\base\CApplication.php(494): CWebApplication->getComponent()
#2 D:\Archivos de Programas\xampp\htdocs\yii\framework\web\CAssetManager.php(112): CWebApplication->getRequest()
#3 D:\Archivos de Programas\xampp\htdocs\yii\framework\web\CAssetManager.php(234): CAssetManager->getBasePath()
#4 D:\Archivos de Programas\xampp\htdocs\comar\protected\extensions\bootstrap\components\Bootstrap.php(328): CAssetManager->publish()
#5 D:\Archivos de Programas\xampp\htdocs\comar\protected\extensions\bootstrap\components\Bootstrap.php(103): Bootstrap->getAssetsUrl()
#6 D:\Archivos de Programas\xampp\htdocs\comar\protected\extensions\bootstrap\components\Bootstrap.php(84): Bootstrap->registerCoreCss()
#7 D:\Archivos de Programas\xampp\htdocs\yii\framework\base\CModule.php(388): Bootstrap->init()
#8 D:\Archivos de Programas\xampp\htdocs\yii\framework\base\CModule.php(493): CWebApplication->getComponent()
#9 D:\Archivos de Programas\xampp\htdocs\yii\framework\base\CApplication.php(146): CWebApplication->preloadComponents()
#10 D:\Archivos de Programas\xampp\htdocs\yii\framework\YiiBase.php(127): CWebApplication->__construct()
#11 D:\Archivos de Programas\xampp\htdocs\yii\framework\YiiBase.php(100): createApplication()
#12 D:\Archivos de Programas\xampp\htdocs\comar\index.php(13): createWebApplication()
REQUEST_URI=/comar/index.php?r=gii/default/login
in D:\Archivos de Programas\xampp\htdocs\comar\protected\components\HttpRequest.php (20)
in D:\Archivos de Programas\xampp\htdocs\comar\protected\extensions\bootstrap\components\Bootstrap.php (328)
in D:\Archivos de Programas\xampp\htdocs\comar\protected\extensions\bootstrap\components\Bootstrap.php (103)
2012/09/06 13:45:51 [error] [system.db.CDbCommand] CDbCommand::fetchColumn() failed: SQLSTATE[42S02]: Base table or view not found: 1146 Table 'comar.yiisession' doesn't exist. The SQL statement executed was: SELECT `data`
FROM `yiisession`
WHERE expire>:expire AND id=:id.
in D:\Archivos de Programas\xampp\htdocs\comar\index.php (13)
2012/09/06 13:45:51 [error] [exception.CDbException] exception 'CDbException' with message 'CDbCommand falló al ejecutar la sentencia SQL: SQLSTATE[42S02]: Base table or view not found: 1146 Table 'comar.yiisession' doesn't exist. The SQL statement executed was: SELECT `data`
FROM `yiisession`
WHERE expire>:expire AND id=:id' in D:\Archivos de Programas\xampp\htdocs\yii\framework\db\CDbCommand.php:528
Stack trace:
#0 D:\Archivos de Programas\xampp\htdocs\yii\framework\db\CDbCommand.php(425): CDbCommand->queryInternal('fetchColumn', 0, Array)
#1 D:\Archivos de Programas\xampp\htdocs\yii\framework\web\CDbHttpSession.php(211): CDbCommand->queryScalar()
#2 [internal function]: CDbHttpSession->readSession('un5clqrdkerrfr9...')
#3 D:\Archivos de Programas\xampp\htdocs\yii\framework\web\CHttpSession.php(115): session_start()
#4 D:\Archivos de Programas\xampp\htdocs\yii\framework\web\CHttpSession.php(89): CHttpSession->open()
#5 D:\Archivos de Programas\xampp\htdocs\yii\framework\base\CModule.php(388): CHttpSession->init()
#6 D:\Archivos de Programas\xampp\htdocs\yii\framework\base\CModule.php(493): CModule->getComponent('session')
#7 D:\Archivos de Programas\xampp\htdocs\yii\framework\base\CApplication.php(146): CModule->preloadComponents()
#8 D:\Archivos de Programas\xampp\htdocs\yii\framework\YiiBase.php(127): CApplication->__construct('D:\Archivos de ...')
#9 D:\Archivos de Programas\xampp\htdocs\yii\framework\YiiBase.php(100): YiiBase::createApplication('CWebApplication', 'D:\Archivos de ...')
#10 D:\Archivos de Programas\xampp\htdocs\comar\index.php(13): YiiBase::createWebApplication('D:\Archivos de ...')
#11 {main}
REQUEST_URI=/comar/index.php?r=gii/default/login
---
2012/09/06 13:46:42 [error] [system.db.CDbCommand] CDbCommand::execute() failed: SQLSTATE[42S02]: Base table or view not found: 1146 Table 'comar.yiisession' doesn't exist. The SQL statement executed was: DELETE FROM `yiisession` WHERE expire<:expire.
in D:\Archivos de Programas\xampp\htdocs\comar\index.php (13)
2012/09/06 13:54:30 [error] [php] include(RDbAuthManager.php) [<a href='function.include'>function.include</a>]: failed to open stream: No such file or directory (D:\Archivos de Programas\xampp\htdocs\yii\framework\YiiBase.php:423)
Stack trace:
#0 D:\Archivos de Programas\xampp\htdocs\yii\framework\YiiBase.php(198): import()
#1 D:\Archivos de Programas\xampp\htdocs\yii\framework\base\CModule.php(387): createComponent()
#2 D:\Archivos de Programas\xampp\htdocs\yii\framework\gii\generators\model\ModelCode.php(428): CWebApplication->getComponent()
#3 D:\Archivos de Programas\xampp\htdocs\yii\framework\gii\generators\model\ModelCode.php(407): ModelCode->isDbConnection()
#4 D:\Archivos de Programas\xampp\htdocs\yii\framework\gii\generators\model\views\index.php(43): ModelCode->getConnectionList()
#5 D:\Archivos de Programas\xampp\htdocs\yii\framework\web\CBaseController.php(127): require()
#6 D:\Archivos de Programas\xampp\htdocs\yii\framework\web\CBaseController.php(96): ModelGenerator->renderInternal()
#7 D:\Archivos de Programas\xampp\htdocs\yii\framework\web\CController.php(870): ModelGenerator->renderFile()
#8 D:\Archivos de Programas\xampp\htdocs\yii\framework\web\CController.php(783): ModelGenerator->renderPartial()
#9 D:\Archivos de Programas\xampp\htdocs\yii\framework\gii\CCodeGenerator.php(73): ModelGenerator->render()
#10 D:\Archivos de Programas\xampp\htdocs\yii\framework\web\actions\CInlineAction.php(50): ModelGenerator->actionIndex()
#11 D:\Archivos de Programas\xampp\htdocs\yii\framework\web\CController.php(309): CInlineAction->runWithParams()
#12 D:\Archivos de Programas\xampp\htdocs\yii\framework\web\CController.php(287): ModelGenerator->runAction()
#13 D:\Archivos de Programas\xampp\htdocs\yii\framework\web\CController.php(266): ModelGenerator->runActionWithFilters()
#14 D:\Archivos de Programas\xampp\htdocs\yii\framework\web\CWebApplication.php(283): ModelGenerator->run()
#15 D:\Archivos de Programas\xampp\htdocs\yii\framework\web\CWebApplication.php(142): CWebApplication->runController()
#16 D:\Archivos de Programas\xampp\htdocs\yii\framework\base\CApplication.php(162): CWebApplication->processRequest()
#17 D:\Archivos de Programas\xampp\htdocs\comar\index.php(13): CWebApplication->run()
REQUEST_URI=/comar/gii/model.html
in D:\Archivos de Programas\xampp\htdocs\comar\index.php (13)
2012/09/06 14:11:04 [error] [exception.CException] exception 'CException' with message 'Filter "rights" is invalid. Controller "CategoriaController" does not have the filter method "filterrights".' in D:\Archivos de Programas\xampp\htdocs\yii\framework\web\filters\CInlineFilter.php:47
Stack trace:
#0 D:\Archivos de Programas\xampp\htdocs\yii\framework\web\filters\CFilterChain.php(73): CInlineFilter::create(Object(CategoriaController), 'rights')
#1 D:\Archivos de Programas\xampp\htdocs\yii\framework\web\CController.php(292): CFilterChain::create(Object(CategoriaController), Object(CInlineAction), Array)
#2 D:\Archivos de Programas\xampp\htdocs\yii\framework\web\CController.php(266): CController->runActionWithFilters(Object(CInlineAction), Array)
#3 D:\Archivos de Programas\xampp\htdocs\yii\framework\web\CWebApplication.php(283): CController->run('')
#4 D:\Archivos de Programas\xampp\htdocs\yii\framework\web\CWebApplication.php(142): CWebApplication->runController('categoria')
#5 D:\Archivos de Programas\xampp\htdocs\yii\framework\base\CApplication.php(162): CWebApplication->processRequest()
#6 D:\Archivos de Programas\xampp\htdocs\comar\index.php(13): CApplication->run()
#7 {main}
REQUEST_URI=/comar/categoria/
---
2012/09/06 14:11:24 [error] [exception.CException] exception 'CException' with message 'Alias "rights.RightsModule" is invalid. Make sure it points to an existing PHP file and the file is readable.' in D:\Archivos de Programas\xampp\htdocs\yii\framework\YiiBase.php:318
Stack trace:
#0 D:\Archivos de Programas\xampp\htdocs\yii\framework\YiiBase.php(198): YiiBase::import('rights.RightsMo...', true)
#1 D:\Archivos de Programas\xampp\htdocs\yii\framework\base\CModule.php(283): YiiBase::createComponent('rights.RightsMo...', 'rights', NULL, Array)
#2 D:\Archivos de Programas\xampp\htdocs\yii\framework\web\CWebApplication.php(338): CModule->getModule('rights')
#3 D:\Archivos de Programas\xampp\htdocs\yii\framework\web\CWebApplication.php(277): CWebApplication->createController('rights')
#4 D:\Archivos de Programas\xampp\htdocs\yii\framework\web\CWebApplication.php(142): CWebApplication->runController('rights')
#5 D:\Archivos de Programas\xampp\htdocs\yii\framework\base\CApplication.php(162): CWebApplication->processRequest()
#6 D:\Archivos de Programas\xampp\htdocs\comar\index.php(13): CApplication->run()
#7 {main}
REQUEST_URI=/comar/rights
---
2012/09/06 14:11:31 [error] [exception.CException] exception 'CException' with message 'Alias "rights.RightsModule" is invalid. Make sure it points to an existing PHP file and the file is readable.' in D:\Archivos de Programas\xampp\htdocs\yii\framework\YiiBase.php:318
Stack trace:
#0 D:\Archivos de Programas\xampp\htdocs\yii\framework\YiiBase.php(198): YiiBase::import('rights.RightsMo...', true)
#1 D:\Archivos de Programas\xampp\htdocs\yii\framework\base\CModule.php(283): YiiBase::createComponent('rights.RightsMo...', 'rights', NULL, Array)
#2 D:\Archivos de Programas\xampp\htdocs\yii\framework\web\CWebApplication.php(338): CModule->getModule('rights')
#3 D:\Archivos de Programas\xampp\htdocs\yii\framework\web\CWebApplication.php(277): CWebApplication->createController('rights/config')
#4 D:\Archivos de Programas\xampp\htdocs\yii\framework\web\CWebApplication.php(142): CWebApplication->runController('rights/config')
#5 D:\Archivos de Programas\xampp\htdocs\yii\framework\base\CApplication.php(162): CWebApplication->processRequest()
#6 D:\Archivos de Programas\xampp\htdocs\comar\index.php(13): CApplication->run()
#7 {main}
REQUEST_URI=/comar/rights/config
---
2012/09/06 14:12:33 [error] [exception.CHttpException.404] exception 'CHttpException' with message 'No es posible resolver la solicitud "rights/config"' in D:\Archivos de Programas\xampp\htdocs\yii\framework\web\CWebApplication.php:287
Stack trace:
#0 D:\Archivos de Programas\xampp\htdocs\yii\framework\web\CWebApplication.php(142): CWebApplication->runController('rights/config')
#1 D:\Archivos de Programas\xampp\htdocs\yii\framework\base\CApplication.php(162): CWebApplication->processRequest()
#2 D:\Archivos de Programas\xampp\htdocs\comar\index.php(13): CApplication->run()
#3 {main}
REQUEST_URI=/comar/rights/config
---
2012/09/06 14:12:37 [error] [system.db.CDbCommand] CDbCommand::fetchAll() failed: SQLSTATE[42S02]: Base table or view not found: 1146 Table 'comar.authassignment' doesn't exist. The SQL statement executed was: SELECT * FROM AuthAssignment WHERE itemname=:itemname.
in D:\Archivos de Programas\xampp\htdocs\comar\protected\modules\rights\components\RDbAuthManager.php (247)
in D:\Archivos de Programas\xampp\htdocs\comar\protected\modules\rights\components\RAuthorizer.php (285)
in D:\Archivos de Programas\xampp\htdocs\comar\protected\modules\rights\controllers\AssignmentController.php (51)
2012/09/06 14:12:37 [error] [exception.CDbException] exception 'CDbException' with message 'CDbCommand falló al ejecutar la sentencia SQL: SQLSTATE[42S02]: Base table or view not found: 1146 Table 'comar.authassignment' doesn't exist. The SQL statement executed was: SELECT * FROM AuthAssignment WHERE itemname=:itemname' in D:\Archivos de Programas\xampp\htdocs\yii\framework\db\CDbCommand.php:528
Stack trace:
#0 D:\Archivos de Programas\xampp\htdocs\yii\framework\db\CDbCommand.php(390): CDbCommand->queryInternal('fetchAll', Array, Array)
#1 D:\Archivos de Programas\xampp\htdocs\comar\protected\modules\rights\components\RDbAuthManager.php(247): CDbCommand->queryAll('SELECT * FROM A...')
#2 D:\Archivos de Programas\xampp\htdocs\comar\protected\modules\rights\components\RAuthorizer.php(285): RDbAuthManager->getAssignmentsByItemName('admin')
#3 D:\Archivos de Programas\xampp\htdocs\comar\protected\modules\rights\controllers\AssignmentController.php(51): RAuthorizer->getSuperusers()
#4 D:\Archivos de Programas\xampp\htdocs\yii\framework\web\CController.php(1145): AssignmentController->accessRules()
#5 D:\Archivos de Programas\xampp\htdocs\yii\framework\web\filters\CInlineFilter.php(59): CController->filterAccessControl(Object(CFilterChain))
#6 D:\Archivos de Programas\xampp\htdocs\yii\framework\web\filters\CFilterChain.php(131): CInlineFilter->filter(Object(CFilterChain))
#7 D:\Archivos de Programas\xampp\htdocs\yii\framework\web\CController.php(292): CFilterChain->run()
#8 D:\Archivos de Programas\xampp\htdocs\yii\framework\web\CController.php(266): CController->runActionWithFilters(Object(CInlineAction), Array)
#9 D:\Archivos de Programas\xampp\htdocs\yii\framework\web\CWebApplication.php(283): CController->run('')
#10 D:\Archivos de Programas\xampp\htdocs\yii\framework\web\CWebApplication.php(142): CWebApplication->runController('rights')
#11 D:\Archivos de Programas\xampp\htdocs\yii\framework\base\CApplication.php(162): CWebApplication->processRequest()
#12 D:\Archivos de Programas\xampp\htdocs\comar\index.php(13): CApplication->run()
#13 {main}
REQUEST_URI=/comar/rights
---
2012/09/06 14:12:42 [error] [system.db.CDbCommand] CDbCommand::fetchAll() failed: SQLSTATE[42S02]: Base table or view not found: 1146 Table 'comar.authassignment' doesn't exist. The SQL statement executed was: SELECT * FROM AuthAssignment WHERE itemname=:itemname.
in D:\Archivos de Programas\xampp\htdocs\comar\protected\modules\rights\components\RDbAuthManager.php (247)
in D:\Archivos de Programas\xampp\htdocs\comar\protected\modules\rights\components\RAuthorizer.php (285)
in D:\Archivos de Programas\xampp\htdocs\comar\protected\modules\rights\controllers\AssignmentController.php (51)
2012/09/06 14:12:42 [error] [exception.CDbException] exception 'CDbException' with message 'CDbCommand falló al ejecutar la sentencia SQL: SQLSTATE[42S02]: Base table or view not found: 1146 Table 'comar.authassignment' doesn't exist. The SQL statement executed was: SELECT * FROM AuthAssignment WHERE itemname=:itemname' in D:\Archivos de Programas\xampp\htdocs\yii\framework\db\CDbCommand.php:528
Stack trace:
#0 D:\Archivos de Programas\xampp\htdocs\yii\framework\db\CDbCommand.php(390): CDbCommand->queryInternal('fetchAll', Array, Array)
#1 D:\Archivos de Programas\xampp\htdocs\comar\protected\modules\rights\components\RDbAuthManager.php(247): CDbCommand->queryAll('SELECT * FROM A...')
#2 D:\Archivos de Programas\xampp\htdocs\comar\protected\modules\rights\components\RAuthorizer.php(285): RDbAuthManager->getAssignmentsByItemName('admin')
#3 D:\Archivos de Programas\xampp\htdocs\comar\protected\modules\rights\controllers\AssignmentController.php(51): RAuthorizer->getSuperusers()
#4 D:\Archivos de Programas\xampp\htdocs\yii\framework\web\CController.php(1145): AssignmentController->accessRules()
#5 D:\Archivos de Programas\xampp\htdocs\yii\framework\web\filters\CInlineFilter.php(59): CController->filterAccessControl(Object(CFilterChain))
#6 D:\Archivos de Programas\xampp\htdocs\yii\framework\web\filters\CFilterChain.php(131): CInlineFilter->filter(Object(CFilterChain))
#7 D:\Archivos de Programas\xampp\htdocs\yii\framework\web\CController.php(292): CFilterChain->run()
#8 D:\Archivos de Programas\xampp\htdocs\yii\framework\web\CController.php(266): CController->runActionWithFilters(Object(CInlineAction), Array)
#9 D:\Archivos de Programas\xampp\htdocs\yii\framework\web\CWebApplication.php(283): CController->run('')
#10 D:\Archivos de Programas\xampp\htdocs\yii\framework\web\CWebApplication.php(142): CWebApplication->runController('rights')
#11 D:\Archivos de Programas\xampp\htdocs\yii\framework\base\CApplication.php(162): CWebApplication->processRequest()
#12 D:\Archivos de Programas\xampp\htdocs\comar\index.php(13): CApplication->run()
#13 {main}
REQUEST_URI=/comar/rights/
---
2012/09/06 14:12:54 [error] [system.db.CDbCommand] CDbCommand::fetchAll() failed: SQLSTATE[42S02]: Base table or view not found: 1146 Table 'comar.authassignment' doesn't exist. The SQL statement executed was: SELECT * FROM AuthAssignment WHERE itemname=:itemname.
in D:\Archivos de Programas\xampp\htdocs\comar\protected\modules\rights\components\RDbAuthManager.php (247)
in D:\Archivos de Programas\xampp\htdocs\comar\protected\modules\rights\components\RAuthorizer.php (285)
in D:\Archivos de Programas\xampp\htdocs\comar\protected\modules\rights\controllers\AssignmentController.php (51)
2012/09/06 14:12:54 [error] [exception.CDbException] exception 'CDbException' with message 'CDbCommand falló al ejecutar la sentencia SQL: SQLSTATE[42S02]: Base table or view not found: 1146 Table 'comar.authassignment' doesn't exist. The SQL statement executed was: SELECT * FROM AuthAssignment WHERE itemname=:itemname' in D:\Archivos de Programas\xampp\htdocs\yii\framework\db\CDbCommand.php:528
Stack trace:
#0 D:\Archivos de Programas\xampp\htdocs\yii\framework\db\CDbCommand.php(390): CDbCommand->queryInternal('fetchAll', Array, Array)
#1 D:\Archivos de Programas\xampp\htdocs\comar\protected\modules\rights\components\RDbAuthManager.php(247): CDbCommand->queryAll('SELECT * FROM A...')
#2 D:\Archivos de Programas\xampp\htdocs\comar\protected\modules\rights\components\RAuthorizer.php(285): RDbAuthManager->getAssignmentsByItemName('admin')
#3 D:\Archivos de Programas\xampp\htdocs\comar\protected\modules\rights\controllers\AssignmentController.php(51): RAuthorizer->getSuperusers()
#4 D:\Archivos de Programas\xampp\htdocs\yii\framework\web\CController.php(1145): AssignmentController->accessRules()
#5 D:\Archivos de Programas\xampp\htdocs\yii\framework\web\filters\CInlineFilter.php(59): CController->filterAccessControl(Object(CFilterChain))
#6 D:\Archivos de Programas\xampp\htdocs\yii\framework\web\filters\CFilterChain.php(131): CInlineFilter->filter(Object(CFilterChain))
#7 D:\Archivos de Programas\xampp\htdocs\yii\framework\web\CController.php(292): CFilterChain->run()
#8 D:\Archivos de Programas\xampp\htdocs\yii\framework\web\CController.php(266): CController->runActionWithFilters(Object(CInlineAction), Array)
#9 D:\Archivos de Programas\xampp\htdocs\yii\framework\web\CWebApplication.php(283): CController->run('')
#10 D:\Archivos de Programas\xampp\htdocs\yii\framework\web\CWebApplication.php(142): CWebApplication->runController('rights')
#11 D:\Archivos de Programas\xampp\htdocs\yii\framework\base\CApplication.php(162): CWebApplication->processRequest()
#12 D:\Archivos de Programas\xampp\htdocs\comar\index.php(13): CApplication->run()
#13 {main}
REQUEST_URI=/comar/rights/
---
2012/09/06 14:13:45 [error] [exception.CException] exception 'CException' with message 'Application web user must extend the RWebUser class.' in D:\Archivos de Programas\xampp\htdocs\comar\protected\modules\rights\components\RInstaller.php:63
Stack trace:
#0 D:\Archivos de Programas\xampp\htdocs\yii\framework\base\CModule.php(388): RInstaller->init()
#1 D:\Archivos de Programas\xampp\htdocs\comar\protected\modules\rights\RightsModule.php(200): CModule->getComponent('installer')
#2 D:\Archivos de Programas\xampp\htdocs\comar\protected\modules\rights\controllers\InstallController.php(29): RightsModule->getInstaller()
#3 D:\Archivos de Programas\xampp\htdocs\yii\framework\web\CWebApplication.php(282): InstallController->init()
#4 D:\Archivos de Programas\xampp\htdocs\yii\framework\web\CWebApplication.php(142): CWebApplication->runController('rights')
#5 D:\Archivos de Programas\xampp\htdocs\yii\framework\base\CApplication.php(162): CWebApplication->processRequest()
#6 D:\Archivos de Programas\xampp\htdocs\comar\index.php(13): CApplication->run()
#7 {main}
REQUEST_URI=/comar/rights/
---
2012/09/06 14:14:34 [error] [system.db.CDbCommand] CDbCommand::fetchColumn() failed: SQLSTATE[42S02]: Base table or view not found: 1146 Table 'comar.authitem' doesn't exist. The SQL statement executed was: SELECT COUNT(*) FROM AuthItem.
in D:\Archivos de Programas\xampp\htdocs\comar\protected\modules\rights\components\RInstaller.php (180)
in D:\Archivos de Programas\xampp\htdocs\comar\protected\modules\rights\controllers\InstallController.php (43)
in D:\Archivos de Programas\xampp\htdocs\comar\index.php (13)
2012/09/06 14:14:38 [error] [system.db.CDbCommand] CDbCommand::fetchAll() failed: SQLSTATE[42S02]: Base table or view not found: 1146 Table 'comar.authassignment' doesn't exist. The SQL statement executed was: SELECT *
FROM `AuthAssignment`
WHERE userid=:userid.
in D:\Archivos de Programas\xampp\htdocs\comar\protected\modules\rights\components\RAuthorizer.php (341)
in D:\Archivos de Programas\xampp\htdocs\comar\protected\modules\rights\components\RWebUser.php (21)
in D:\Archivos de Programas\xampp\htdocs\comar\protected\models\LoginForm.php (71)
2012/09/06 14:14:38 [error] [exception.CDbException] exception 'CDbException' with message 'CDbCommand falló al ejecutar la sentencia SQL: SQLSTATE[42S02]: Base table or view not found: 1146 Table 'comar.authassignment' doesn't exist. The SQL statement executed was: SELECT *
FROM `AuthAssignment`
WHERE userid=:userid' in D:\Archivos de Programas\xampp\htdocs\yii\framework\db\CDbCommand.php:528
Stack trace:
#0 D:\Archivos de Programas\xampp\htdocs\yii\framework\db\CDbCommand.php(390): CDbCommand->queryInternal('fetchAll', Array, Array)
#1 D:\Archivos de Programas\xampp\htdocs\yii\framework\web\auth\CDbAuthManager.php(338): CDbCommand->queryAll()
#2 D:\Archivos de Programas\xampp\htdocs\comar\protected\modules\rights\components\RAuthorizer.php(341): CDbAuthManager->getAuthAssignments('admin')
#3 D:\Archivos de Programas\xampp\htdocs\comar\protected\modules\rights\components\RWebUser.php(21): RAuthorizer->isSuperuser('admin')
#4 D:\Archivos de Programas\xampp\htdocs\yii\framework\web\auth\CWebUser.php(239): RWebUser->afterLogin(false)
#5 D:\Archivos de Programas\xampp\htdocs\comar\protected\models\LoginForm.php(71): CWebUser->login(Object(UserIdentity), 0)
#6 D:\Archivos de Programas\xampp\htdocs\comar\protected\controllers\SiteController.php(94): LoginForm->login()
#7 D:\Archivos de Programas\xampp\htdocs\yii\framework\web\actions\CInlineAction.php(50): SiteController->actionLogin()
#8 D:\Archivos de Programas\xampp\htdocs\yii\framework\web\CController.php(309): CInlineAction->runWithParams(Array)
#9 D:\Archivos de Programas\xampp\htdocs\yii\framework\web\CController.php(287): CController->runAction(Object(CInlineAction))
#10 D:\Archivos de Programas\xampp\htdocs\yii\framework\web\CController.php(266): CController->runActionWithFilters(Object(CInlineAction), Array)
#11 D:\Archivos de Programas\xampp\htdocs\yii\framework\web\CWebApplication.php(283): CController->run('login')
#12 D:\Archivos de Programas\xampp\htdocs\yii\framework\web\CWebApplication.php(142): CWebApplication->runController('site/login')
#13 D:\Archivos de Programas\xampp\htdocs\yii\framework\base\CApplication.php(162): CWebApplication->processRequest()
#14 D:\Archivos de Programas\xampp\htdocs\comar\index.php(13): CApplication->run()
#15 {main}
REQUEST_URI=/comar/site/login.html
HTTP_REFERER=http://localhost/comar/site/login.html
---
2012/09/06 14:15:19 [error] [exception.CHttpException.404] exception 'CHttpException' with message 'No es posible resolver la solicitud "richts"' in D:\Archivos de Programas\xampp\htdocs\yii\framework\web\CWebApplication.php:287
Stack trace:
#0 D:\Archivos de Programas\xampp\htdocs\yii\framework\web\CWebApplication.php(142): CWebApplication->runController('richts')
#1 D:\Archivos de Programas\xampp\htdocs\yii\framework\base\CApplication.php(162): CWebApplication->processRequest()
#2 D:\Archivos de Programas\xampp\htdocs\comar\index.php(13): CApplication->run()
#3 {main}
REQUEST_URI=/comar/richts
---
2012/09/06 14:15:25 [error] [system.db.CDbCommand] CDbCommand::fetchColumn() failed: SQLSTATE[42S02]: Base table or view not found: 1146 Table 'comar.authitem' doesn't exist. The SQL statement executed was: SELECT COUNT(*) FROM AuthItem.
in D:\Archivos de Programas\xampp\htdocs\comar\protected\modules\rights\components\RInstaller.php (180)
in D:\Archivos de Programas\xampp\htdocs\comar\protected\modules\rights\controllers\InstallController.php (43)
in D:\Archivos de Programas\xampp\htdocs\comar\index.php (13)
2012/09/06 14:15:26 [error] [exception.CHttpException.403] exception 'CHttpException' with message 'There must be at least one superuser!' in D:\Archivos de Programas\xampp\htdocs\comar\protected\modules\rights\components\RAuthorizer.php:305
Stack trace:
#0 D:\Archivos de Programas\xampp\htdocs\comar\protected\modules\rights\controllers\InstallController.php(61): RAuthorizer->getSuperusers()
#1 D:\Archivos de Programas\xampp\htdocs\yii\framework\web\CController.php(1145): InstallController->accessRules()
#2 D:\Archivos de Programas\xampp\htdocs\yii\framework\web\filters\CInlineFilter.php(59): CController->filterAccessControl(Object(CFilterChain))
#3 D:\Archivos de Programas\xampp\htdocs\yii\framework\web\filters\CFilterChain.php(131): CInlineFilter->filter(Object(CFilterChain))
#4 D:\Archivos de Programas\xampp\htdocs\yii\framework\web\CController.php(292): CFilterChain->run()
#5 D:\Archivos de Programas\xampp\htdocs\yii\framework\web\CController.php(266): CController->runActionWithFilters(Object(CInlineAction), Array)
#6 D:\Archivos de Programas\xampp\htdocs\yii\framework\web\CWebApplication.php(283): CController->run('ready')
#7 D:\Archivos de Programas\xampp\htdocs\yii\framework\web\CWebApplication.php(142): CWebApplication->runController('rights/install/...')
#8 D:\Archivos de Programas\xampp\htdocs\yii\framework\base\CApplication.php(162): CWebApplication->processRequest()
#9 D:\Archivos de Programas\xampp\htdocs\comar\index.php(13): CApplication->run()
#10 {main}
REQUEST_URI=/comar/rights/install/ready.html
---
2012/09/06 14:19:46 [error] [exception.CHttpException.403] exception 'CHttpException' with message 'There must be at least one superuser!' in D:\Archivos de Programas\xampp\htdocs\comar\protected\modules\rights\components\RAuthorizer.php:305
Stack trace:
#0 D:\Archivos de Programas\xampp\htdocs\comar\protected\modules\rights\controllers\InstallController.php(61): RAuthorizer->getSuperusers()
#1 D:\Archivos de Programas\xampp\htdocs\yii\framework\web\CController.php(1145): InstallController->accessRules()
#2 D:\Archivos de Programas\xampp\htdocs\yii\framework\web\filters\CInlineFilter.php(59): CController->filterAccessControl(Object(CFilterChain))
#3 D:\Archivos de Programas\xampp\htdocs\yii\framework\web\filters\CFilterChain.php(131): CInlineFilter->filter(Object(CFilterChain))
#4 D:\Archivos de Programas\xampp\htdocs\yii\framework\web\CController.php(292): CFilterChain->run()
#5 D:\Archivos de Programas\xampp\htdocs\yii\framework\web\CController.php(266): CController->runActionWithFilters(Object(CInlineAction), Array)
#6 D:\Archivos de Programas\xampp\htdocs\yii\framework\web\CWebApplication.php(283): CController->run('ready')
#7 D:\Archivos de Programas\xampp\htdocs\yii\framework\web\CWebApplication.php(142): CWebApplication->runController('rights/install/...')
#8 D:\Archivos de Programas\xampp\htdocs\yii\framework\base\CApplication.php(162): CWebApplication->processRequest()
#9 D:\Archivos de Programas\xampp\htdocs\comar\index.php(13): CApplication->run()
#10 {main}
REQUEST_URI=/comar/rights/install/ready.html
---
2012/09/06 14:19:51 [error] [exception.CHttpException.403] exception 'CHttpException' with message 'There must be at least one superuser!' in D:\Archivos de Programas\xampp\htdocs\comar\protected\modules\rights\components\RAuthorizer.php:305
Stack trace:
#0 D:\Archivos de Programas\xampp\htdocs\comar\protected\modules\rights\controllers\InstallController.php(61): RAuthorizer->getSuperusers()
#1 D:\Archivos de Programas\xampp\htdocs\yii\framework\web\CController.php(1145): InstallController->accessRules()
#2 D:\Archivos de Programas\xampp\htdocs\yii\framework\web\filters\CInlineFilter.php(59): CController->filterAccessControl(Object(CFilterChain))
#3 D:\Archivos de Programas\xampp\htdocs\yii\framework\web\filters\CFilterChain.php(131): CInlineFilter->filter(Object(CFilterChain))
#4 D:\Archivos de Programas\xampp\htdocs\yii\framework\web\CController.php(292): CFilterChain->run()
#5 D:\Archivos de Programas\xampp\htdocs\yii\framework\web\CController.php(266): CController->runActionWithFilters(Object(CInlineAction), Array)
#6 D:\Archivos de Programas\xampp\htdocs\yii\framework\web\CWebApplication.php(283): CController->run('')
#7 D:\Archivos de Programas\xampp\htdocs\yii\framework\web\CWebApplication.php(142): CWebApplication->runController('rights')
#8 D:\Archivos de Programas\xampp\htdocs\yii\framework\base\CApplication.php(162): CWebApplication->processRequest()
#9 D:\Archivos de Programas\xampp\htdocs\comar\index.php(13): CApplication->run()
#10 {main}
REQUEST_URI=/comar/rights
---
2012/09/06 14:20:18 [error] [exception.CHttpException.403] exception 'CHttpException' with message 'There must be at least one superuser!' in D:\Archivos de Programas\xampp\htdocs\comar\protected\modules\rights\components\RAuthorizer.php:305
Stack trace:
#0 D:\Archivos de Programas\xampp\htdocs\comar\protected\modules\rights\controllers\InstallController.php(61): RAuthorizer->getSuperusers()
#1 D:\Archivos de Programas\xampp\htdocs\yii\framework\web\CController.php(1145): InstallController->accessRules()
#2 D:\Archivos de Programas\xampp\htdocs\yii\framework\web\filters\CInlineFilter.php(59): CController->filterAccessControl(Object(CFilterChain))
#3 D:\Archivos de Programas\xampp\htdocs\yii\framework\web\filters\CFilterChain.php(131): CInlineFilter->filter(Object(CFilterChain))
#4 D:\Archivos de Programas\xampp\htdocs\yii\framework\web\CController.php(292): CFilterChain->run()
#5 D:\Archivos de Programas\xampp\htdocs\yii\framework\web\CController.php(266): CController->runActionWithFilters(Object(CInlineAction), Array)
#6 D:\Archivos de Programas\xampp\htdocs\yii\framework\web\CWebApplication.php(283): CController->run('')
#7 D:\Archivos de Programas\xampp\htdocs\yii\framework\web\CWebApplication.php(142): CWebApplication->runController('rights')
#8 D:\Archivos de Programas\xampp\htdocs\yii\framework\base\CApplication.php(162): CWebApplication->processRequest()
#9 D:\Archivos de Programas\xampp\htdocs\comar\index.php(13): CApplication->run()
#10 {main}
REQUEST_URI=/comar/rights
---
2012/09/06 14:20:21 [error] [exception.CHttpException.403] exception 'CHttpException' with message 'There must be at least one superuser!' in D:\Archivos de Programas\xampp\htdocs\comar\protected\modules\rights\components\RAuthorizer.php:305
Stack trace:
#0 D:\Archivos de Programas\xampp\htdocs\comar\protected\modules\rights\controllers\InstallController.php(61): RAuthorizer->getSuperusers()
#1 D:\Archivos de Programas\xampp\htdocs\yii\framework\web\CController.php(1145): InstallController->accessRules()
#2 D:\Archivos de Programas\xampp\htdocs\yii\framework\web\filters\CInlineFilter.php(59): CController->filterAccessControl(Object(CFilterChain))
#3 D:\Archivos de Programas\xampp\htdocs\yii\framework\web\filters\CFilterChain.php(131): CInlineFilter->filter(Object(CFilterChain))
#4 D:\Archivos de Programas\xampp\htdocs\yii\framework\web\CController.php(292): CFilterChain->run()
#5 D:\Archivos de Programas\xampp\htdocs\yii\framework\web\CController.php(266): CController->runActionWithFilters(Object(CInlineAction), Array)
#6 D:\Archivos de Programas\xampp\htdocs\yii\framework\web\CWebApplication.php(283): CController->run('')
#7 D:\Archivos de Programas\xampp\htdocs\yii\framework\web\CWebApplication.php(142): CWebApplication->runController('rights')
#8 D:\Archivos de Programas\xampp\htdocs\yii\framework\base\CApplication.php(162): CWebApplication->processRequest()
#9 D:\Archivos de Programas\xampp\htdocs\comar\index.php(13): CApplication->run()
#10 {main}
REQUEST_URI=/comar/rights
---
2012/09/06 14:20:21 [error] [exception.CHttpException.403] exception 'CHttpException' with message 'There must be at least one superuser!' in D:\Archivos de Programas\xampp\htdocs\comar\protected\modules\rights\components\RAuthorizer.php:305
Stack trace:
#0 D:\Archivos de Programas\xampp\htdocs\comar\protected\modules\rights\controllers\InstallController.php(61): RAuthorizer->getSuperusers()
#1 D:\Archivos de Programas\xampp\htdocs\yii\framework\web\CController.php(1145): InstallController->accessRules()
#2 D:\Archivos de Programas\xampp\htdocs\yii\framework\web\filters\CInlineFilter.php(59): CController->filterAccessControl(Object(CFilterChain))
#3 D:\Archivos de Programas\xampp\htdocs\yii\framework\web\filters\CFilterChain.php(131): CInlineFilter->filter(Object(CFilterChain))
#4 D:\Archivos de Programas\xampp\htdocs\yii\framework\web\CController.php(292): CFilterChain->run()
#5 D:\Archivos de Programas\xampp\htdocs\yii\framework\web\CController.php(266): CController->runActionWithFilters(Object(CInlineAction), Array)
#6 D:\Archivos de Programas\xampp\htdocs\yii\framework\web\CWebApplication.php(283): CController->run('ready')
#7 D:\Archivos de Programas\xampp\htdocs\yii\framework\web\CWebApplication.php(142): CWebApplication->runController('rights/install/...')
#8 D:\Archivos de Programas\xampp\htdocs\yii\framework\base\CApplication.php(162): CWebApplication->processRequest()
#9 D:\Archivos de Programas\xampp\htdocs\comar\index.php(13): CApplication->run()
#10 {main}
REQUEST_URI=/comar/rights/install/ready.html
---
2012/09/06 14:21:13 [error] [exception.CHttpException.403] exception 'CHttpException' with message 'There must be at least one superuser!' in D:\Archivos de Programas\xampp\htdocs\comar\protected\modules\rights\components\RAuthorizer.php:305
Stack trace:
#0 D:\Archivos de Programas\xampp\htdocs\comar\protected\modules\rights\controllers\InstallController.php(61): RAuthorizer->getSuperusers()
#1 D:\Archivos de Programas\xampp\htdocs\yii\framework\web\CController.php(1145): InstallController->accessRules()
#2 D:\Archivos de Programas\xampp\htdocs\yii\framework\web\filters\CInlineFilter.php(59): CController->filterAccessControl(Object(CFilterChain))
#3 D:\Archivos de Programas\xampp\htdocs\yii\framework\web\filters\CFilterChain.php(131): CInlineFilter->filter(Object(CFilterChain))
#4 D:\Archivos de Programas\xampp\htdocs\yii\framework\web\CController.php(292): CFilterChain->run()
#5 D:\Archivos de Programas\xampp\htdocs\yii\framework\web\CController.php(266): CController->runActionWithFilters(Object(CInlineAction), Array)
#6 D:\Archivos de Programas\xampp\htdocs\yii\framework\web\CWebApplication.php(283): CController->run('ready')
#7 D:\Archivos de Programas\xampp\htdocs\yii\framework\web\CWebApplication.php(142): CWebApplication->runController('rights/install/...')
#8 D:\Archivos de Programas\xampp\htdocs\yii\framework\base\CApplication.php(162): CWebApplication->processRequest()
#9 D:\Archivos de Programas\xampp\htdocs\comar\index.php(13): CApplication->run()
#10 {main}
REQUEST_URI=/comar/rights/install/ready.html
---
2012/09/06 14:21:36 [error] [exception.CHttpException.403] exception 'CHttpException' with message 'There must be at least one superuser!' in D:\Archivos de Programas\xampp\htdocs\comar\protected\modules\rights\components\RAuthorizer.php:305
Stack trace:
#0 D:\Archivos de Programas\xampp\htdocs\comar\protected\modules\rights\controllers\InstallController.php(61): RAuthorizer->getSuperusers()
#1 D:\Archivos de Programas\xampp\htdocs\yii\framework\web\CController.php(1145): InstallController->accessRules()
#2 D:\Archivos de Programas\xampp\htdocs\yii\framework\web\filters\CInlineFilter.php(59): CController->filterAccessControl(Object(CFilterChain))
#3 D:\Archivos de Programas\xampp\htdocs\yii\framework\web\filters\CFilterChain.php(131): CInlineFilter->filter(Object(CFilterChain))
#4 D:\Archivos de Programas\xampp\htdocs\yii\framework\web\CController.php(292): CFilterChain->run()
#5 D:\Archivos de Programas\xampp\htdocs\yii\framework\web\CController.php(266): CController->runActionWithFilters(Object(CInlineAction), Array)
#6 D:\Archivos de Programas\xampp\htdocs\yii\framework\web\CWebApplication.php(283): CController->run('')
#7 D:\Archivos de Programas\xampp\htdocs\yii\framework\web\CWebApplication.php(142): CWebApplication->runController('rights')
#8 D:\Archivos de Programas\xampp\htdocs\yii\framework\base\CApplication.php(162): CWebApplication->processRequest()
#9 D:\Archivos de Programas\xampp\htdocs\comar\index.php(13): CApplication->run()
#10 {main}
REQUEST_URI=/comar/rights
---
2012/09/06 14:28:38 [error] [exception.CHttpException.403] exception 'CHttpException' with message 'There must be at least one superuser!' in D:\Archivos de Programas\xampp\htdocs\comar\protected\modules\rights\components\RAuthorizer.php:305
Stack trace:
#0 D:\Archivos de Programas\xampp\htdocs\comar\protected\modules\rights\controllers\InstallController.php(61): RAuthorizer->getSuperusers()
#1 D:\Archivos de Programas\xampp\htdocs\yii\framework\web\CController.php(1145): InstallController->accessRules()
#2 D:\Archivos de Programas\xampp\htdocs\yii\framework\web\filters\CInlineFilter.php(59): CController->filterAccessControl(Object(CFilterChain))
#3 D:\Archivos de Programas\xampp\htdocs\yii\framework\web\filters\CFilterChain.php(131): CInlineFilter->filter(Object(CFilterChain))
#4 D:\Archivos de Programas\xampp\htdocs\yii\framework\web\CController.php(292): CFilterChain->run()
#5 D:\Archivos de Programas\xampp\htdocs\yii\framework\web\CController.php(266): CController->runActionWithFilters(Object(CInlineAction), Array)
#6 D:\Archivos de Programas\xampp\htdocs\yii\framework\web\CWebApplication.php(283): CController->run('')
#7 D:\Archivos de Programas\xampp\htdocs\yii\framework\web\CWebApplication.php(142): CWebApplication->runController('rights')
#8 D:\Archivos de Programas\xampp\htdocs\yii\framework\base\CApplication.php(162): CWebApplication->processRequest()
#9 D:\Archivos de Programas\xampp\htdocs\comar\index.php(13): CApplication->run()
#10 {main}
REQUEST_URI=/comar/rights
---
2012/09/06 14:29:35 [error] [exception.CHttpException.403] exception 'CHttpException' with message 'There must be at least one superuser!' in D:\Archivos de Programas\xampp\htdocs\comar\protected\modules\rights\components\RAuthorizer.php:305
Stack trace:
#0 D:\Archivos de Programas\xampp\htdocs\comar\protected\modules\rights\controllers\InstallController.php(61): RAuthorizer->getSuperusers()
#1 D:\Archivos de Programas\xampp\htdocs\yii\framework\web\CController.php(1145): InstallController->accessRules()
#2 D:\Archivos de Programas\xampp\htdocs\yii\framework\web\filters\CInlineFilter.php(59): CController->filterAccessControl(Object(CFilterChain))
#3 D:\Archivos de Programas\xampp\htdocs\yii\framework\web\filters\CFilterChain.php(131): CInlineFilter->filter(Object(CFilterChain))
#4 D:\Archivos de Programas\xampp\htdocs\yii\framework\web\CController.php(292): CFilterChain->run()
#5 D:\Archivos de Programas\xampp\htdocs\yii\framework\web\CController.php(266): CController->runActionWithFilters(Object(CInlineAction), Array)
#6 D:\Archivos de Programas\xampp\htdocs\yii\framework\web\CWebApplication.php(283): CController->run('')
#7 D:\Archivos de Programas\xampp\htdocs\yii\framework\web\CWebApplication.php(142): CWebApplication->runController('rights/install')
#8 D:\Archivos de Programas\xampp\htdocs\yii\framework\base\CApplication.php(162): CWebApplication->processRequest()
#9 D:\Archivos de Programas\xampp\htdocs\comar\index.php(13): CApplication->run()
#10 {main}
REQUEST_URI=/comar/rights/install
---
2012/09/06 15:33:08 [error] [exception.CHttpException.403] exception 'CHttpException' with message 'There must be at least one superuser!' in D:\Archivos de Programas\xampp\htdocs\comar\protected\modules\rights\components\RAuthorizer.php:305
Stack trace:
#0 D:\Archivos de Programas\xampp\htdocs\comar\protected\modules\rights\controllers\InstallController.php(61): RAuthorizer->getSuperusers()
#1 D:\Archivos de Programas\xampp\htdocs\yii\framework\web\CController.php(1145): InstallController->accessRules()
#2 D:\Archivos de Programas\xampp\htdocs\yii\framework\web\filters\CInlineFilter.php(59): CController->filterAccessControl(Object(CFilterChain))
#3 D:\Archivos de Programas\xampp\htdocs\yii\framework\web\filters\CFilterChain.php(131): CInlineFilter->filter(Object(CFilterChain))
#4 D:\Archivos de Programas\xampp\htdocs\yii\framework\web\CController.php(292): CFilterChain->run()
#5 D:\Archivos de Programas\xampp\htdocs\yii\framework\web\CController.php(266): CController->runActionWithFilters(Object(CInlineAction), Array)
#6 D:\Archivos de Programas\xampp\htdocs\yii\framework\web\CWebApplication.php(283): CController->run('')
#7 D:\Archivos de Programas\xampp\htdocs\yii\framework\web\CWebApplication.php(142): CWebApplication->runController('rights')
#8 D:\Archivos de Programas\xampp\htdocs\yii\framework\base\CApplication.php(162): CWebApplication->processRequest()
#9 D:\Archivos de Programas\xampp\htdocs\comar\index.php(13): CApplication->run()
#10 {main}
REQUEST_URI=/comar/rights
---
2012/09/06 15:33:09 [error] [exception.CHttpException.403] exception 'CHttpException' with message 'There must be at least one superuser!' in D:\Archivos de Programas\xampp\htdocs\comar\protected\modules\rights\components\RAuthorizer.php:305
Stack trace:
#0 D:\Archivos de Programas\xampp\htdocs\comar\protected\modules\rights\controllers\InstallController.php(61): RAuthorizer->getSuperusers()
#1 D:\Archivos de Programas\xampp\htdocs\yii\framework\web\CController.php(1145): InstallController->accessRules()
#2 D:\Archivos de Programas\xampp\htdocs\yii\framework\web\filters\CInlineFilter.php(59): CController->filterAccessControl(Object(CFilterChain))
#3 D:\Archivos de Programas\xampp\htdocs\yii\framework\web\filters\CFilterChain.php(131): CInlineFilter->filter(Object(CFilterChain))
#4 D:\Archivos de Programas\xampp\htdocs\yii\framework\web\CController.php(292): CFilterChain->run()
#5 D:\Archivos de Programas\xampp\htdocs\yii\framework\web\CController.php(266): CController->runActionWithFilters(Object(CInlineAction), Array)
#6 D:\Archivos de Programas\xampp\htdocs\yii\framework\web\CWebApplication.php(283): CController->run('')
#7 D:\Archivos de Programas\xampp\htdocs\yii\framework\web\CWebApplication.php(142): CWebApplication->runController('rights/install')
#8 D:\Archivos de Programas\xampp\htdocs\yii\framework\base\CApplication.php(162): CWebApplication->processRequest()
#9 D:\Archivos de Programas\xampp\htdocs\comar\index.php(13): CApplication->run()
#10 {main}
REQUEST_URI=/comar/rights/install
---
2012/09/06 15:46:03 [error] [exception.CHttpException.403] exception 'CHttpException' with message 'There must be at least one superuser!' in D:\Archivos de Programas\xampp\htdocs\comar\protected\modules\rights\components\RAuthorizer.php:305
Stack trace:
#0 D:\Archivos de Programas\xampp\htdocs\comar\protected\modules\rights\controllers\InstallController.php(61): RAuthorizer->getSuperusers()
#1 D:\Archivos de Programas\xampp\htdocs\yii\framework\web\CController.php(1145): InstallController->accessRules()
#2 D:\Archivos de Programas\xampp\htdocs\yii\framework\web\filters\CInlineFilter.php(59): CController->filterAccessControl(Object(CFilterChain))
#3 D:\Archivos de Programas\xampp\htdocs\yii\framework\web\filters\CFilterChain.php(131): CInlineFilter->filter(Object(CFilterChain))
#4 D:\Archivos de Programas\xampp\htdocs\yii\framework\web\CController.php(292): CFilterChain->run()
#5 D:\Archivos de Programas\xampp\htdocs\yii\framework\web\CController.php(266): CController->runActionWithFilters(Object(CInlineAction), Array)
#6 D:\Archivos de Programas\xampp\htdocs\yii\framework\web\CWebApplication.php(283): CController->run('')
#7 D:\Archivos de Programas\xampp\htdocs\yii\framework\web\CWebApplication.php(142): CWebApplication->runController('rights')
#8 D:\Archivos de Programas\xampp\htdocs\yii\framework\base\CApplication.php(162): CWebApplication->processRequest()
#9 D:\Archivos de Programas\xampp\htdocs\comar\index.php(13): CApplication->run()
#10 {main}
REQUEST_URI=/comar/rights
---
2012/09/06 16:17:15 [warning] [application] Failed to set unsafe attribute "productos" of "Local".
in D:\Archivos de Programas\xampp\htdocs\comar\protected\controllers\LocalController.php (17)
in D:\Archivos de Programas\xampp\htdocs\comar\protected\modules\rights\components\RController.php (36)
in D:\Archivos de Programas\xampp\htdocs\comar\index.php (13)
2012/09/06 16:17:15 [warning] [application] Failed to set unsafe attribute "userPlans" of "Local".
in D:\Archivos de Programas\xampp\htdocs\comar\protected\controllers\LocalController.php (17)
in D:\Archivos de Programas\xampp\htdocs\comar\protected\modules\rights\components\RController.php (36)
in D:\Archivos de Programas\xampp\htdocs\comar\index.php (13)
2012/09/06 16:17:49 [warning] [application] Failed to set unsafe attribute "categorias" of "Categoria".
in D:\Archivos de Programas\xampp\htdocs\comar\protected\extensions\giix-components\GxController.php (161)
in D:\Archivos de Programas\xampp\htdocs\comar\protected\controllers\CategoriaController.php (14)
in D:\Archivos de Programas\xampp\htdocs\comar\protected\modules\rights\components\RController.php (36)
2012/09/06 16:17:49 [warning] [application] Failed to set unsafe attribute "productos" of "Categoria".
in D:\Archivos de Programas\xampp\htdocs\comar\protected\extensions\giix-components\GxController.php (161)
in D:\Archivos de Programas\xampp\htdocs\comar\protected\controllers\CategoriaController.php (14)
in D:\Archivos de Programas\xampp\htdocs\comar\protected\modules\rights\components\RController.php (36)
2012/09/06 16:18:02 [warning] [application] Failed to set unsafe attribute "categorias" of "Categoria".
in D:\Archivos de Programas\xampp\htdocs\comar\protected\extensions\giix-components\GxController.php (161)
in D:\Archivos de Programas\xampp\htdocs\comar\protected\controllers\CategoriaController.php (14)
in D:\Archivos de Programas\xampp\htdocs\comar\protected\modules\rights\components\RController.php (36)
2012/09/06 16:18:02 [warning] [application] Failed to set unsafe attribute "productos" of "Categoria".
in D:\Archivos de Programas\xampp\htdocs\comar\protected\extensions\giix-components\GxController.php (161)
in D:\Archivos de Programas\xampp\htdocs\comar\protected\controllers\CategoriaController.php (14)
in D:\Archivos de Programas\xampp\htdocs\comar\protected\modules\rights\components\RController.php (36)
2012/09/06 16:18:38 [warning] [application] Failed to set unsafe attribute "categorias" of "Categoria".
in D:\Archivos de Programas\xampp\htdocs\comar\protected\controllers\CategoriaController.php (17)
in D:\Archivos de Programas\xampp\htdocs\comar\protected\modules\rights\components\RController.php (36)
in D:\Archivos de Programas\xampp\htdocs\comar\index.php (13)
2012/09/06 16:18:38 [warning] [application] Failed to set unsafe attribute "productos" of "Categoria".
in D:\Archivos de Programas\xampp\htdocs\comar\protected\controllers\CategoriaController.php (17)
in D:\Archivos de Programas\xampp\htdocs\comar\protected\modules\rights\components\RController.php (36)
in D:\Archivos de Programas\xampp\htdocs\comar\index.php (13)
2012/09/06 16:22:16 [warning] [application] Failed to set unsafe attribute "categorias" of "Categoria".
in D:\Archivos de Programas\xampp\htdocs\comar\protected\extensions\giix-components\GxController.php (161)
in D:\Archivos de Programas\xampp\htdocs\comar\protected\controllers\CategoriaController.php (14)
in D:\Archivos de Programas\xampp\htdocs\comar\protected\modules\rights\components\RController.php (36)
2012/09/06 16:22:16 [warning] [application] Failed to set unsafe attribute "productos" of "Categoria".
in D:\Archivos de Programas\xampp\htdocs\comar\protected\extensions\giix-components\GxController.php (161)
in D:\Archivos de Programas\xampp\htdocs\comar\protected\controllers\CategoriaController.php (14)
in D:\Archivos de Programas\xampp\htdocs\comar\protected\modules\rights\components\RController.php (36)
2012/09/06 16:22:26 [warning] [application] Failed to set unsafe attribute "categorias" of "Categoria".
in D:\Archivos de Programas\xampp\htdocs\comar\protected\extensions\giix-components\GxController.php (161)
in D:\Archivos de Programas\xampp\htdocs\comar\protected\controllers\CategoriaController.php (14)
in D:\Archivos de Programas\xampp\htdocs\comar\protected\modules\rights\components\RController.php (36)
2012/09/06 16:22:26 [warning] [application] Failed to set unsafe attribute "productos" of "Categoria".
in D:\Archivos de Programas\xampp\htdocs\comar\protected\extensions\giix-components\GxController.php (161)
in D:\Archivos de Programas\xampp\htdocs\comar\protected\controllers\CategoriaController.php (14)
in D:\Archivos de Programas\xampp\htdocs\comar\protected\modules\rights\components\RController.php (36)
2012/09/06 16:22:27 [warning] [application] Failed to set unsafe attribute "categorias" of "Categoria".
in D:\Archivos de Programas\xampp\htdocs\comar\protected\controllers\CategoriaController.php (17)
in D:\Archivos de Programas\xampp\htdocs\comar\protected\modules\rights\components\RController.php (36)
in D:\Archivos de Programas\xampp\htdocs\comar\index.php (13)
2012/09/06 16:22:27 [warning] [application] Failed to set unsafe attribute "productos" of "Categoria".
in D:\Archivos de Programas\xampp\htdocs\comar\protected\controllers\CategoriaController.php (17)
in D:\Archivos de Programas\xampp\htdocs\comar\protected\modules\rights\components\RController.php (36)
in D:\Archivos de Programas\xampp\htdocs\comar\index.php (13)
2012/09/06 16:29:22 [error] [exception.CHttpException.404] exception 'CHttpException' with message 'No es posible resolver la solicitud "plan/admin"' in D:\Archivos de Programas\xampp\htdocs\yii\framework\web\CWebApplication.php:287
Stack trace:
#0 D:\Archivos de Programas\xampp\htdocs\yii\framework\web\CWebApplication.php(142): CWebApplication->runController('plan/admin')
#1 D:\Archivos de Programas\xampp\htdocs\yii\framework\base\CApplication.php(162): CWebApplication->processRequest()
#2 D:\Archivos de Programas\xampp\htdocs\comar\index.php(13): CApplication->run()
#3 {main}
REQUEST_URI=/comar/plan/admin.html
HTTP_REFERER=http://localhost/comar/producto/admin.html
---
2012/09/06 16:30:08 [error] [exception.CHttpException.404] exception 'CHttpException' with message 'No es posible resolver la solicitud "plan/admin"' in D:\Archivos de Programas\xampp\htdocs\yii\framework\web\CWebApplication.php:287
Stack trace:
#0 D:\Archivos de Programas\xampp\htdocs\yii\framework\web\CWebApplication.php(142): CWebApplication->runController('plan/admin')
#1 D:\Archivos de Programas\xampp\htdocs\yii\framework\base\CApplication.php(162): CWebApplication->processRequest()
#2 D:\Archivos de Programas\xampp\htdocs\comar\index.php(13): CApplication->run()
#3 {main}
REQUEST_URI=/comar/plan/admin.html
HTTP_REFERER=http://localhost/comar/producto/admin.html
---
2012/09/06 16:30:11 [error] [exception.CHttpException.404] exception 'CHttpException' with message 'No es posible resolver la solicitud "plan/admin"' in D:\Archivos de Programas\xampp\htdocs\yii\framework\web\CWebApplication.php:287
Stack trace:
#0 D:\Archivos de Programas\xampp\htdocs\yii\framework\web\CWebApplication.php(142): CWebApplication->runController('plan/admin')
#1 D:\Archivos de Programas\xampp\htdocs\yii\framework\base\CApplication.php(162): CWebApplication->processRequest()
#2 D:\Archivos de Programas\xampp\htdocs\comar\index.php(13): CApplication->run()
#3 {main}
REQUEST_URI=/comar/plan/admin.html
HTTP_REFERER=http://localhost/comar/plan/admin.html
---
2012/09/06 16:31:02 [warning] [application] Failed to set unsafe attribute "userPlans" of "Plan".
in D:\Archivos de Programas\xampp\htdocs\comar\protected\controllers\PlanController.php (17)
in D:\Archivos de Programas\xampp\htdocs\comar\protected\modules\rights\components\RController.php (36)
in D:\Archivos de Programas\xampp\htdocs\comar\index.php (13)
2012/09/06 16:32:02 [warning] [application] Failed to set unsafe attribute "userPlans" of "Plan".
in D:\Archivos de Programas\xampp\htdocs\comar\protected\controllers\PlanController.php (17)
in D:\Archivos de Programas\xampp\htdocs\comar\protected\modules\rights\components\RController.php (36)
in D:\Archivos de Programas\xampp\htdocs\comar\index.php (13)
